c:\users\yaega\documents\github\gmgen\classlibrary1\release\classlibrary1.pch
c:\users\yaega\documents\github\gmgen\classlibrary1\release\vc143.pdb
c:\users\yaega\documents\github\gmgen\classlibrary1\release\pch.obj
c:\users\yaega\documents\github\gmgen\classlibrary1\release\midiprocessorwrapper.obj
c:\users\yaega\documents\github\gmgen\classlibrary1\release\midiprocessor.obj
c:\users\yaega\documents\github\gmgen\classlibrary1\release\classlibrary1.obj
c:\users\yaega\documents\github\gmgen\classlibrary1\release\assemblyinfo.obj
c:\users\yaega\documents\github\gmgen\classlibrary1\release\.netframework,version=v4.8.assemblyattributes.obj
c:\users\yaega\documents\github\gmgen\release\classlibrary1.dll
c:\users\yaega\documents\github\gmgen\release\classlibrary1.pdb
c:\users\yaega\documents\github\gmgen\classlibrary1\release\app.res
c:\users\yaega\documents\github\gmgen\classlibrary1\release\classlibrary1.tlog\cl.command.1.tlog
c:\users\yaega\documents\github\gmgen\classlibrary1\release\classlibrary1.tlog\cl.items.tlog
c:\users\yaega\documents\github\gmgen\classlibrary1\release\classlibrary1.tlog\cl.read.1.tlog
c:\users\yaega\documents\github\gmgen\classlibrary1\release\classlibrary1.tlog\cl.write.1.tlog
c:\users\yaega\documents\github\gmgen\classlibrary1\release\classlibrary1.tlog\link.command.1.tlog
c:\users\yaega\documents\github\gmgen\classlibrary1\release\classlibrary1.tlog\link.read.1.tlog
c:\users\yaega\documents\github\gmgen\classlibrary1\release\classlibrary1.tlog\link.write.1.tlog
c:\users\yaega\documents\github\gmgen\classlibrary1\release\classlibrary1.tlog\metagen.read.1.tlog
c:\users\yaega\documents\github\gmgen\classlibrary1\release\classlibrary1.tlog\metagen.write.1.tlog
c:\users\yaega\documents\github\gmgen\classlibrary1\release\classlibrary1.tlog\rc.command.1.tlog
c:\users\yaega\documents\github\gmgen\classlibrary1\release\classlibrary1.tlog\rc.read.1.tlog
c:\users\yaega\documents\github\gmgen\classlibrary1\release\classlibrary1.tlog\rc.write.1.tlog
